<?xml version="1.0" encoding="UTF-8"?>
<!-- Generated by org.testng.reporters.JUnitXMLReporter -->
<testsuite hostname="LAPTOP-L9U3TNVC" ignored="2" name="Default test" tests="8" failures="0" timestamp="16 Aug 2021 01:56:11 GMT" time="120.258" errors="0">
  <testcase name="retesting" time="0.448" classname="com.qa.facebook.tests.LoginPageTest"/>
  <testcase name="retesting" time="0.457" classname="com.qa.facebook.tests.LoginPageTest"/>
  <testcase name="retesting" time="0.427" classname="com.qa.facebook.tests.LoginPageTest"/>
  <testcase name="retesting" time="0.437" classname="com.qa.facebook.tests.LoginPageTest"/>
  <testcase name="retesting" time="0.424" classname="com.qa.facebook.tests.LoginPageTest"/>
  <testcase name="retesting" time="0.382" classname="com.qa.facebook.tests.LoginPageTest"/>
  <testcase name="retesting" time="0.402" classname="com.qa.facebook.tests.LoginPageTest"/>
  <testcase name="retesting" time="0.414" classname="com.qa.facebook.tests.LoginPageTest"/>
  <testcase name="loginTest" time="0.0" classname="com.qa.facebook.tests.LoginPageTest">
    <ignored/>
  </testcase> <!-- loginTest -->
  <testcase name="verifyLoginPageTitleTest" time="0.0" classname="com.qa.facebook.tests.LoginPageTest">
    <ignored/>
  </testcase> <!-- verifyLoginPageTitleTest -->
</testsuite> <!-- Default test -->
