<?xml version="1.0" encoding="UTF-8"?>
<testng-results skipped="0" failed="0" ignored="2" total="10" passed="8">
  <reporter-output>
  </reporter-output>
  <suite name="Default suite" duration-ms="120258" started-at="2021-08-16T01:54:11Z" finished-at="2021-08-16T01:56:11Z">
    <groups>
    </groups>
    <test name="Default test" duration-ms="120258" started-at="2021-08-16T01:54:11Z" finished-at="2021-08-16T01:56:11Z">
      <class name="com.qa.facebook.tests.LoginPageTest">
        <test-method status="PASS" signature="setUp()[pri:0, instance:com.qa.facebook.tests.LoginPageTest@1bce4f0a]" name="setUp" is-config="true" duration-ms="14715" started-at="2021-08-16T01:54:12Z" finished-at="2021-08-16T01:54:27Z">
          <reporter-output>
          </reporter-output>
        </test-method> <!-- setUp -->
        <test-method status="PASS" signature="retesting(java.lang.String, java.lang.String)[pri:0, instance:com.qa.facebook.tests.LoginPageTest@1bce4f0a]" name="retesting" duration-ms="448" started-at="2021-08-16T01:54:27Z" data-provider="getCredentials" finished-at="2021-08-16T01:54:27Z">
          <params>
            <param index="0">
              <value>
                <![CDATA[ram]]>
              </value>
            </param>
            <param index="1">
              <value>
                <![CDATA[ram]]>
              </value>
            </param>
          </params>
          <reporter-output>
          </reporter-output>
        </test-method> <!-- retesting -->
        <test-method status="PASS" signature="tearDown()[pri:0, instance:com.qa.facebook.tests.LoginPageTest@1bce4f0a]" name="tearDown" is-config="true" duration-ms="1126" started-at="2021-08-16T01:54:27Z" finished-at="2021-08-16T01:54:28Z">
          <reporter-output>
          </reporter-output>
        </test-method> <!-- tearDown -->
        <test-method status="PASS" signature="setUp()[pri:0, instance:com.qa.facebook.tests.LoginPageTest@1bce4f0a]" name="setUp" is-config="true" duration-ms="13192" started-at="2021-08-16T01:54:28Z" finished-at="2021-08-16T01:54:41Z">
          <reporter-output>
          </reporter-output>
        </test-method> <!-- setUp -->
        <test-method status="PASS" signature="retesting(java.lang.String, java.lang.String)[pri:0, instance:com.qa.facebook.tests.LoginPageTest@1bce4f0a]" name="retesting" duration-ms="457" started-at="2021-08-16T01:54:41Z" data-provider="getCredentials" finished-at="2021-08-16T01:54:42Z">
          <params>
            <param index="0">
              <value>
                <![CDATA[sita]]>
              </value>
            </param>
            <param index="1">
              <value>
                <![CDATA[ram]]>
              </value>
            </param>
          </params>
          <reporter-output>
          </reporter-output>
        </test-method> <!-- retesting -->
        <test-method status="PASS" signature="tearDown()[pri:0, instance:com.qa.facebook.tests.LoginPageTest@1bce4f0a]" name="tearDown" is-config="true" duration-ms="1207" started-at="2021-08-16T01:54:42Z" finished-at="2021-08-16T01:54:43Z">
          <reporter-output>
          </reporter-output>
        </test-method> <!-- tearDown -->
        <test-method status="PASS" signature="setUp()[pri:0, instance:com.qa.facebook.tests.LoginPageTest@1bce4f0a]" name="setUp" is-config="true" duration-ms="13013" started-at="2021-08-16T01:54:43Z" finished-at="2021-08-16T01:54:56Z">
          <reporter-output>
          </reporter-output>
        </test-method> <!-- setUp -->
        <test-method status="PASS" signature="retesting(java.lang.String, java.lang.String)[pri:0, instance:com.qa.facebook.tests.LoginPageTest@1bce4f0a]" name="retesting" duration-ms="427" started-at="2021-08-16T01:54:56Z" data-provider="getCredentials" finished-at="2021-08-16T01:54:57Z">
          <params>
            <param index="0">
              <value>
                <![CDATA[laxman]]>
              </value>
            </param>
            <param index="1">
              <value>
                <![CDATA[ram]]>
              </value>
            </param>
          </params>
          <reporter-output>
          </reporter-output>
        </test-method> <!-- retesting -->
        <test-method status="PASS" signature="tearDown()[pri:0, instance:com.qa.facebook.tests.LoginPageTest@1bce4f0a]" name="tearDown" is-config="true" duration-ms="1164" started-at="2021-08-16T01:54:57Z" finished-at="2021-08-16T01:54:58Z">
          <reporter-output>
          </reporter-output>
        </test-method> <!-- tearDown -->
        <test-method status="PASS" signature="setUp()[pri:0, instance:com.qa.facebook.tests.LoginPageTest@1bce4f0a]" name="setUp" is-config="true" duration-ms="12977" started-at="2021-08-16T01:54:58Z" finished-at="2021-08-16T01:55:11Z">
          <reporter-output>
          </reporter-output>
        </test-method> <!-- setUp -->
        <test-method status="PASS" signature="retesting(java.lang.String, java.lang.String)[pri:0, instance:com.qa.facebook.tests.LoginPageTest@1bce4f0a]" name="retesting" duration-ms="437" started-at="2021-08-16T01:55:11Z" data-provider="getCredentials" finished-at="2021-08-16T01:55:11Z">
          <params>
            <param index="0">
              <value>
                <![CDATA[vivaan]]>
              </value>
            </param>
            <param index="1">
              <value>
                <![CDATA[ram]]>
              </value>
            </param>
          </params>
          <reporter-output>
          </reporter-output>
        </test-method> <!-- retesting -->
        <test-method status="PASS" signature="tearDown()[pri:0, instance:com.qa.facebook.tests.LoginPageTest@1bce4f0a]" name="tearDown" is-config="true" duration-ms="1150" started-at="2021-08-16T01:55:11Z" finished-at="2021-08-16T01:55:12Z">
          <reporter-output>
          </reporter-output>
        </test-method> <!-- tearDown -->
        <test-method status="PASS" signature="setUp()[pri:0, instance:com.qa.facebook.tests.LoginPageTest@1bce4f0a]" name="setUp" is-config="true" duration-ms="12638" started-at="2021-08-16T01:55:12Z" finished-at="2021-08-16T01:55:25Z">
          <reporter-output>
          </reporter-output>
        </test-method> <!-- setUp -->
        <test-method status="PASS" signature="retesting(java.lang.String, java.lang.String)[pri:0, instance:com.qa.facebook.tests.LoginPageTest@1bce4f0a]" name="retesting" duration-ms="424" started-at="2021-08-16T01:55:25Z" data-provider="getCredentials" finished-at="2021-08-16T01:55:25Z">
          <params>
            <param index="0">
              <value>
                <![CDATA[murari]]>
              </value>
            </param>
            <param index="1">
              <value>
                <![CDATA[ram]]>
              </value>
            </param>
          </params>
          <reporter-output>
          </reporter-output>
        </test-method> <!-- retesting -->
        <test-method status="PASS" signature="tearDown()[pri:0, instance:com.qa.facebook.tests.LoginPageTest@1bce4f0a]" name="tearDown" is-config="true" duration-ms="1234" started-at="2021-08-16T01:55:25Z" finished-at="2021-08-16T01:55:27Z">
          <reporter-output>
          </reporter-output>
        </test-method> <!-- tearDown -->
        <test-method status="PASS" signature="setUp()[pri:0, instance:com.qa.facebook.tests.LoginPageTest@1bce4f0a]" name="setUp" is-config="true" duration-ms="12864" started-at="2021-08-16T01:55:27Z" finished-at="2021-08-16T01:55:39Z">
          <reporter-output>
          </reporter-output>
        </test-method> <!-- setUp -->
        <test-method status="PASS" signature="retesting(java.lang.String, java.lang.String)[pri:0, instance:com.qa.facebook.tests.LoginPageTest@1bce4f0a]" name="retesting" duration-ms="382" started-at="2021-08-16T01:55:39Z" data-provider="getCredentials" finished-at="2021-08-16T01:55:40Z">
          <params>
            <param index="0">
              <value>
                <![CDATA[ram]]>
              </value>
            </param>
            <param index="1">
              <value>
                <![CDATA[ram]]>
              </value>
            </param>
          </params>
          <reporter-output>
          </reporter-output>
        </test-method> <!-- retesting -->
        <test-method status="PASS" signature="tearDown()[pri:0, instance:com.qa.facebook.tests.LoginPageTest@1bce4f0a]" name="tearDown" is-config="true" duration-ms="1727" started-at="2021-08-16T01:55:40Z" finished-at="2021-08-16T01:55:42Z">
          <reporter-output>
          </reporter-output>
        </test-method> <!-- tearDown -->
        <test-method status="PASS" signature="setUp()[pri:0, instance:com.qa.facebook.tests.LoginPageTest@1bce4f0a]" name="setUp" is-config="true" duration-ms="13140" started-at="2021-08-16T01:55:42Z" finished-at="2021-08-16T01:55:55Z">
          <reporter-output>
          </reporter-output>
        </test-method> <!-- setUp -->
        <test-method status="PASS" signature="retesting(java.lang.String, java.lang.String)[pri:0, instance:com.qa.facebook.tests.LoginPageTest@1bce4f0a]" name="retesting" duration-ms="402" started-at="2021-08-16T01:55:55Z" data-provider="getCredentials" finished-at="2021-08-16T01:55:55Z">
          <params>
            <param index="0">
              <value>
                <![CDATA[ram]]>
              </value>
            </param>
            <param index="1">
              <value>
                <![CDATA[ram]]>
              </value>
            </param>
          </params>
          <reporter-output>
          </reporter-output>
        </test-method> <!-- retesting -->
        <test-method status="PASS" signature="tearDown()[pri:0, instance:com.qa.facebook.tests.LoginPageTest@1bce4f0a]" name="tearDown" is-config="true" duration-ms="1199" started-at="2021-08-16T01:55:55Z" finished-at="2021-08-16T01:55:56Z">
          <reporter-output>
          </reporter-output>
        </test-method> <!-- tearDown -->
        <test-method status="PASS" signature="setUp()[pri:0, instance:com.qa.facebook.tests.LoginPageTest@1bce4f0a]" name="setUp" is-config="true" duration-ms="12961" started-at="2021-08-16T01:55:56Z" finished-at="2021-08-16T01:56:09Z">
          <reporter-output>
          </reporter-output>
        </test-method> <!-- setUp -->
        <test-method status="PASS" signature="retesting(java.lang.String, java.lang.String)[pri:0, instance:com.qa.facebook.tests.LoginPageTest@1bce4f0a]" name="retesting" duration-ms="414" started-at="2021-08-16T01:56:09Z" data-provider="getCredentials" finished-at="2021-08-16T01:56:10Z">
          <params>
            <param index="0">
              <value>
                <![CDATA[ram]]>
              </value>
            </param>
            <param index="1">
              <value>
                <![CDATA[ram]]>
              </value>
            </param>
          </params>
          <reporter-output>
          </reporter-output>
        </test-method> <!-- retesting -->
        <test-method status="PASS" signature="tearDown()[pri:0, instance:com.qa.facebook.tests.LoginPageTest@1bce4f0a]" name="tearDown" is-config="true" duration-ms="1166" started-at="2021-08-16T01:56:10Z" finished-at="2021-08-16T01:56:11Z">
          <reporter-output>
          </reporter-output>
        </test-method> <!-- tearDown -->
      </class> <!-- com.qa.facebook.tests.LoginPageTest -->
    </test> <!-- Default test -->
  </suite> <!-- Default suite -->
</testng-results>
